SF:lib\models\enums\option_position.dart
DA:15,2
DA:17,2
DA:18,1
DA:19,2
LF:4
LH:4
end_of_record
SF:lib\models\enums\option_type.dart
DA:16,2
DA:18,2
DA:19,1
DA:20,2
LF:4
LH:4
end_of_record
SF:lib\models\graph_constraints.dart
DA:9,1
DA:14,1
DA:15,1
DA:16,1
DA:17,1
DA:20,1
DA:21,3
DA:24,2
LF:8
LH:8
end_of_record
SF:lib\models\options_contract.dart
DA:17,5
DA:20,1
DA:21,5
DA:23,1
DA:33,1
DA:34,1
DA:35,4
DA:36,4
DA:45,1
DA:49,2
DA:50,2
DA:51,2
DA:54,1
DA:56,1
DA:57,3
DA:58,3
DA:63,1
DA:65,1
DA:66,2
DA:67,2
DA:68,2
DA:69,2
DA:70,2
DA:71,2
DA:74,0
DA:78,1
DA:80,7
DA:85,0
DA:87,0
LF:29
LH:26
end_of_record
